<?xml version="1.0" encoding="UTF-8"?>
<!-- Generated by org.testng.reporters.JUnitXMLReporter -->
<testsuite hostname="DEBU" ignored="0" name="Default test" tests="2" failures="0" timestamp="2021-08-24T13:35:03 IST" time="52.842" errors="0">
  <testcase name="validateChangeinQuantityMessage" time="0.495" classname="com.qa.ecommerce.tests.OrderPageTest"/>
  <testcase name="validateChangeinQuantityMessagesb" time="0.37" classname="com.qa.ecommerce.tests.OrderPageTest"/>
</testsuite> <!-- Default test -->
