<?xml version="1.0" encoding="UTF-8"?>
<!-- Generated by org.testng.reporters.JUnitXMLReporter -->
<testsuite hostname="DEBU" ignored="0" name="WIN10TEST2" tests="1" failures="0" timestamp="2021-08-30T22:54:18 IST" time="0.026" errors="0">
  <testcase name="@BeforeMethod setUp" time="0.0" classname="com.qa.ecommerce.tests.eveningDressPageTest">
    <failure type="java.lang.NullPointerException">
      <![CDATA[java.lang.NullPointerException
at com.qa.ecommerce.base.TestBase.intialization(TestBase.java:53)
at com.qa.ecommerce.tests.eveningDressPageTest.setUp(eveningDressPageTest.java:32)
at java.util.ArrayList.forEach(Unknown Source)
... Removed 31 stack frames]]>
    </failure>
  </testcase> <!-- @BeforeMethod setUp -->
  <testcase name="@AfterMethod tearDown" time="-1.630344258058E9" classname="com.qa.ecommerce.tests.eveningDressPageTest">
    <skipped/>
  </testcase> <!-- @AfterMethod tearDown -->
  <testcase name="checktherestOfCheckboxes" time="0.0" classname="com.qa.ecommerce.tests.eveningDressPageTest">
    <skipped/>
  </testcase> <!-- checktherestOfCheckboxes -->
</testsuite> <!-- WIN10TEST2 -->
